# JRE version: OpenJDK Runtime Environment Temurin-11.0.16.1+1 (11.0.16.1+1) (build 11.0.16.1+1)
# Java VM: OpenJDK 64-Bit Server VM Temurin-11.0.16.1+1 (11.0.16.1+1, mixed mode, tiered, compressed oops, g1 gc, windows-amd64)
Heap:
 garbage-first heap   total 212992K, used 52133K [0x00000000e0000000, 0x0000000100000000)
  region size 1024K, 1 young (1024K), 1 survivors (1024K)
 Metaspace       used 54313K, capacity 55060K, committed 55296K, reserved 1097728K
  class space    used 6326K, capacity 6617K, committed 6656K, reserved 1048576K
GC Heap History (20 events):
Event: 291.817 GC heap after
{Heap after GC invocations=48 (full 0):
 garbage-first heap   total 90112K, used 45977K [0x00000000e0000000, 0x0000000100000000)
  region size 1024K, 1 young (1024K), 1 survivors (1024K)
 Metaspace       used 48523K, capacity 49190K, committed 49408K, reserved 1093632K
  class space    used 5636K, capacity 5878K, committed 5888K, reserved 1048576K
}
Event: 297.143 GC heap before
{Heap before GC invocations=48 (full 0):
 garbage-first heap   total 90112K, used 48025K [0x00000000e0000000, 0x0000000100000000)
  region size 1024K, 4 young (4096K), 1 survivors (1024K)
 Metaspace       used 49563K, capacity 50317K, committed 50432K, reserved 1093632K
  class space    used 5760K, capacity 6040K, committed 6144K, reserved 1048576K
}
Event: 298.050 GC heap after
{Heap after GC invocations=49 (full 0):
 garbage-first heap   total 134144K, used 46205K [0x00000000e0000000, 0x0000000100000000)
  region size 1024K, 1 young (1024K), 1 survivors (1024K)
 Metaspace       used 49563K, capacity 50317K, committed 50432K, reserved 1093632K
  class space    used 5760K, capacity 6040K, committed 6144K, reserved 1048576K
}
Event: 320.282 GC heap before
{Heap before GC invocations=50 (full 0):
 garbage-first heap   total 134144K, used 50301K [0x00000000e0000000, 0x0000000100000000)
  region size 1024K, 6 young (6144K), 1 survivors (1024K)
 Metaspace       used 50935K, capacity 51696K, committed 51968K, reserved 1095680K
  class space    used 5991K, capacity 6288K, committed 6400K, reserved 1048576K
}
Event: 320.306 GC heap after
{Heap after GC invocations=51 (full 0):
 garbage-first heap   total 134144K, used 46560K [0x00000000e0000000, 0x0000000100000000)
  region size 1024K, 1 young (1024K), 1 survivors (1024K)
 Metaspace       used 50935K, capacity 51696K, committed 51968K, reserved 1095680K
  class space    used 5991K, capacity 6288K, committed 6400K, reserved 1048576K
}
Event: 333.369 GC heap before
{Heap before GC invocations=51 (full 0):
 garbage-first heap   total 134144K, used 51680K [0x00000000e0000000, 0x0000000100000000)
  region size 1024K, 6 young (6144K), 1 survivors (1024K)
 Metaspace       used 52087K, capacity 52851K, committed 53120K, reserved 1095680K
  class space    used 6119K, capacity 6417K, committed 6528K, reserved 1048576K
}
Event: 334.027 GC heap after
{Heap after GC invocations=52 (full 0):
 garbage-first heap   total 134144K, used 46831K [0x00000000e0000000, 0x0000000100000000)
  region size 1024K, 1 young (1024K), 1 survivors (1024K)
 Metaspace       used 52087K, capacity 52851K, committed 53120K, reserved 1095680K
  class space    used 6119K, capacity 6417K, committed 6528K, reserved 1048576K
}
Event: 346.215 GC heap before
{Heap before GC invocations=53 (full 0):
 garbage-first heap   total 134144K, used 51951K [0x00000000e0000000, 0x0000000100000000)
  region size 1024K, 6 young (6144K), 1 survivors (1024K)
 Metaspace       used 53332K, capacity 54096K, committed 54272K, reserved 1097728K
  class space    used 6235K, capacity 6552K, committed 6656K, reserved 1048576K
}
Event: 346.816 GC heap after
{Heap after GC invocations=54 (full 0):
 garbage-first heap   total 134144K, used 47178K [0x00000000e0000000, 0x0000000100000000)
  region size 1024K, 1 young (1024K), 1 survivors (1024K)
 Metaspace       used 53332K, capacity 54096K, committed 54272K, reserved 1097728K
  class space    used 6235K, capacity 6552K, committed 6656K, reserved 1048576K
}
Event: 356.973 GC heap before
{Heap before GC invocations=54 (full 0):
 garbage-first heap   total 134144K, used 50250K [0x00000000e0000000, 0x0000000100000000)
  region size 1024K, 5 young (5120K), 1 survivors (1024K)
 Metaspace       used 54021K, capacity 54739K, committed 54784K, reserved 1097728K
  class space    used 6314K, capacity 6617K, committed 6656K, reserved 1048576K
}
Event: 357.431 GC heap after
{Heap after GC invocations=55 (full 0):
 garbage-first heap   total 134144K, used 47579K [0x00000000e0000000, 0x0000000100000000)
  region size 1024K, 1 young (1024K), 1 survivors (1024K)
 Metaspace       used 54021K, capacity 54739K, committed 54784K, reserved 1097728K
  class space    used 6314K, capacity 6617K, committed 6656K, reserved 1048576K
}
Event: 359.207 GC heap before
{Heap before GC invocations=56 (full 0):
 garbage-first heap   total 134144K, used 53723K [0x00000000e0000000, 0x0000000100000000)
  region size 1024K, 6 young (6144K), 1 survivors (1024K)
 Metaspace       used 54066K, capacity 54804K, committed 55040K, reserved 1097728K
  class space    used 6314K, capacity 6617K, committed 6656K, reserved 1048576K
}
Event: 360.171 GC heap after
{Heap after GC invocations=57 (full 0):
 garbage-first heap   total 134144K, used 48607K [0x00000000e0000000, 0x0000000100000000)
  region size 1024K, 1 young (1024K), 1 survivors (1024K)
 Metaspace       used 54066K, capacity 54804K, committed 55040K, reserved 1097728K
  class space    used 6314K, capacity 6617K, committed 6656K, reserved 1048576K
}
Event: 360.234 GC heap before
{Heap before GC invocations=57 (full 0):
 garbage-first heap   total 134144K, used 53727K [0x00000000e0000000, 0x0000000100000000)
  region size 1024K, 6 young (6144K), 1 survivors (1024K)
 Metaspace       used 54092K, capacity 54804K, committed 55040K, reserved 1097728K
  class space    used 6314K, capacity 6617K, committed 6656K, reserved 1048576K
}
Event: 360.641 GC heap after
{Heap after GC invocations=58 (full 0):
 garbage-first heap   total 134144K, used 50598K [0x00000000e0000000, 0x0000000100000000)
  region size 1024K, 1 young (1024K), 1 survivors (1024K)
 Metaspace       used 54092K, capacity 54804K, committed 55040K, reserved 1097728K
  class space    used 6314K, capacity 6617K, committed 6656K, reserved 1048576K
}
Event: 362.029 GC heap before
{Heap before GC invocations=59 (full 0):
 garbage-first heap   total 134144K, used 62886K [0x00000000e0000000, 0x0000000100000000)
  region size 1024K, 13 young (13312K), 1 survivors (1024K)
 Metaspace       used 54136K, capacity 54868K, committed 55040K, reserved 1097728K
  class space    used 6315K, capacity 6617K, committed 6656K, reserved 1048576K
}
Event: 362.797 GC heap after
{Heap after GC invocations=60 (full 0):
 garbage-first heap   total 134144K, used 51913K [0x00000000e0000000, 0x0000000100000000)
  region size 1024K, 2 young (2048K), 2 survivors (2048K)
 Metaspace       used 54136K, capacity 54868K, committed 55040K, reserved 1097728K
  class space    used 6315K, capacity 6617K, committed 6656K, reserved 1048576K
}
Event: 365.758 GC heap before
{Heap before GC invocations=60 (full 0):
 garbage-first heap   total 134144K, used 56009K [0x00000000e0000000, 0x0000000100000000)
  region size 1024K, 6 young (6144K), 2 survivors (2048K)
 Metaspace       used 54144K, capacity 54868K, committed 55040K, reserved 1097728K
  class space    used 6315K, capacity 6617K, committed 6656K, reserved 1048576K
}
Event: 368.444 GC heap after
{Heap after GC invocations=61 (full 0):
 garbage-first heap   total 134144K, used 52396K [0x00000000e0000000, 0x0000000100000000)
  region size 1024K, 1 young (1024K), 1 survivors (1024K)
 Metaspace       used 54144K, capacity 54868K, committed 55040K, reserved 1097728K
  class space    used 6315K, capacity 6617K, committed 6656K, reserved 1048576K
}
Event: 374.048 GC heap before
{Heap before GC invocations=62 (full 0):
 garbage-first heap   total 134144K, used 55828K [0x00000000e0000000, 0x0000000100000000)
  region size 1024K, 6 young (6144K), 1 survivors (1024K)
 Metaspace       used 54313K, capacity 55060K, committed 55296K, reserved 1097728K
  class space    used 6326K, capacity 6617K, committed 6656K, reserved 1048576K
}

