# JRE version: OpenJDK Runtime Environment Temurin-11.0.16.1+1 (11.0.16.1+1) (build 11.0.16.1+1)
# Java VM: OpenJDK 64-Bit Server VM Temurin-11.0.16.1+1 (11.0.16.1+1, mixed mode, tiered, compressed oops, g1 gc, windows-amd64)
Heap:
 garbage-first heap   total 165888K, used 55031K [0x0000000080000000, 0x0000000100000000)
  region size 1024K, 1 young (1024K), 1 survivors (1024K)
 Metaspace       used 72554K, capacity 74846K, committed 75136K, reserved 581632K
  class space    used 9445K, capacity 10318K, committed 10368K, reserved 516096K
GC Heap History (20 events):
Event: 386.159 GC heap after
{Heap after GC invocations=97 (full 0):
 garbage-first heap   total 82944K, used 45604K [0x0000000080000000, 0x0000000100000000)
  region size 1024K, 2 young (2048K), 2 survivors (2048K)
 Metaspace       used 61510K, capacity 63151K, committed 63232K, reserved 571392K
  class space    used 7987K, capacity 8687K, committed 8704K, reserved 516096K
}
Event: 387.354 GC heap before
{Heap before GC invocations=97 (full 0):
 garbage-first heap   total 82944K, used 67108K [0x0000000080000000, 0x0000000100000000)
  region size 1024K, 23 young (23552K), 2 survivors (2048K)
 Metaspace       used 62773K, capacity 64537K, committed 64640K, reserved 573440K
  class space    used 8125K, capacity 8824K, committed 8832K, reserved 516096K
}
Event: 387.365 GC heap after
{Heap after GC invocations=98 (full 0):
 garbage-first heap   total 82944K, used 46091K [0x0000000080000000, 0x0000000100000000)
  region size 1024K, 2 young (2048K), 2 survivors (2048K)
 Metaspace       used 62773K, capacity 64537K, committed 64640K, reserved 573440K
  class space    used 8125K, capacity 8824K, committed 8832K, reserved 516096K
}
Event: 392.095 GC heap before
{Heap before GC invocations=99 (full 0):
 garbage-first heap   total 82944K, used 67595K [0x0000000080000000, 0x0000000100000000)
  region size 1024K, 23 young (23552K), 2 survivors (2048K)
 Metaspace       used 64324K, capacity 66181K, committed 66432K, reserved 573440K
  class space    used 8328K, capacity 9087K, committed 9088K, reserved 516096K
}
Event: 392.108 GC heap after
{Heap after GC invocations=100 (full 0):
 garbage-first heap   total 82944K, used 47173K [0x0000000080000000, 0x0000000100000000)
  region size 1024K, 3 young (3072K), 3 survivors (3072K)
 Metaspace       used 64324K, capacity 66181K, committed 66432K, reserved 573440K
  class space    used 8328K, capacity 9087K, committed 9088K, reserved 516096K
}
Event: 394.023 GC heap before
{Heap before GC invocations=100 (full 0):
 garbage-first heap   total 82944K, used 68677K [0x0000000080000000, 0x0000000100000000)
  region size 1024K, 24 young (24576K), 3 survivors (3072K)
 Metaspace       used 65136K, capacity 67117K, committed 67456K, reserved 575488K
  class space    used 8454K, capacity 9242K, committed 9344K, reserved 516096K
}
Event: 394.040 GC heap after
{Heap after GC invocations=101 (full 0):
 garbage-first heap   total 82944K, used 48596K [0x0000000080000000, 0x0000000100000000)
  region size 1024K, 3 young (3072K), 3 survivors (3072K)
 Metaspace       used 65136K, capacity 67117K, committed 67456K, reserved 575488K
  class space    used 8454K, capacity 9242K, committed 9344K, reserved 516096K
}
Event: 398.224 GC heap before
{Heap before GC invocations=102 (full 0):
 garbage-first heap   total 82944K, used 69076K [0x0000000080000000, 0x0000000100000000)
  region size 1024K, 23 young (23552K), 3 survivors (3072K)
 Metaspace       used 66514K, capacity 68596K, committed 68736K, reserved 575488K
  class space    used 8674K, capacity 9495K, committed 9600K, reserved 516096K
}
Event: 398.239 GC heap after
{Heap after GC invocations=103 (full 0):
 garbage-first heap   total 82944K, used 49628K [0x0000000080000000, 0x0000000100000000)
  region size 1024K, 3 young (3072K), 3 survivors (3072K)
 Metaspace       used 66514K, capacity 68596K, committed 68736K, reserved 575488K
  class space    used 8674K, capacity 9495K, committed 9600K, reserved 516096K
}
Event: 402.679 GC heap before
{Heap before GC invocations=103 (full 0):
 garbage-first heap   total 82944K, used 69084K [0x0000000080000000, 0x0000000100000000)
  region size 1024K, 22 young (22528K), 3 survivors (3072K)
 Metaspace       used 67644K, capacity 69694K, committed 69760K, reserved 577536K
  class space    used 8775K, capacity 9572K, committed 9600K, reserved 516096K
}
Event: 402.740 GC heap after
{Heap after GC invocations=104 (full 0):
 garbage-first heap   total 82944K, used 51204K [0x0000000080000000, 0x0000000100000000)
  region size 1024K, 3 young (3072K), 3 survivors (3072K)
 Metaspace       used 67644K, capacity 69694K, committed 69760K, reserved 577536K
  class space    used 8775K, capacity 9572K, committed 9600K, reserved 516096K
}
Event: 417.515 GC heap before
{Heap before GC invocations=105 (full 0):
 garbage-first heap   total 82944K, used 67588K [0x0000000080000000, 0x0000000100000000)
  region size 1024K, 20 young (20480K), 3 survivors (3072K)
 Metaspace       used 69172K, capacity 71396K, committed 71680K, reserved 579584K
  class space    used 9016K, capacity 9879K, committed 9984K, reserved 516096K
}
Event: 417.533 GC heap after
{Heap after GC invocations=106 (full 0):
 garbage-first heap   total 82944K, used 52568K [0x0000000080000000, 0x0000000100000000)
  region size 1024K, 2 young (2048K), 2 survivors (2048K)
 Metaspace       used 69172K, capacity 71396K, committed 71680K, reserved 579584K
  class space    used 9016K, capacity 9879K, committed 9984K, reserved 516096K
}
Event: 419.531 GC heap before
{Heap before GC invocations=106 (full 0):
 garbage-first heap   total 82944K, used 67928K [0x0000000080000000, 0x0000000100000000)
  region size 1024K, 18 young (18432K), 2 survivors (2048K)
 Metaspace       used 70459K, capacity 72644K, committed 72704K, reserved 579584K
  class space    used 9143K, capacity 9975K, committed 9984K, reserved 516096K
}
Event: 419.546 GC heap after
{Heap after GC invocations=107 (full 0):
 garbage-first heap   total 82944K, used 53588K [0x0000000080000000, 0x0000000100000000)
  region size 1024K, 3 young (3072K), 3 survivors (3072K)
 Metaspace       used 70459K, capacity 72644K, committed 72704K, reserved 579584K
  class space    used 9143K, capacity 9975K, committed 9984K, reserved 516096K
}
Event: 424.557 GC heap before
{Heap before GC invocations=108 (full 0):
 garbage-first heap   total 82944K, used 68948K [0x0000000080000000, 0x0000000100000000)
  region size 1024K, 18 young (18432K), 3 survivors (3072K)
 Metaspace       used 71587K, capacity 73794K, committed 73984K, reserved 581632K
  class space    used 9296K, capacity 10143K, committed 10240K, reserved 516096K
}
Event: 424.573 GC heap after
{Heap after GC invocations=109 (full 0):
 garbage-first heap   total 82944K, used 54708K [0x0000000080000000, 0x0000000100000000)
  region size 1024K, 3 young (3072K), 3 survivors (3072K)
 Metaspace       used 71587K, capacity 73794K, committed 73984K, reserved 581632K
  class space    used 9296K, capacity 10143K, committed 10240K, reserved 516096K
}
Event: 709.588 GC heap before
{Heap before GC invocations=109 (full 0):
 garbage-first heap   total 82944K, used 69044K [0x0000000080000000, 0x0000000100000000)
  region size 1024K, 17 young (17408K), 3 survivors (3072K)
 Metaspace       used 72545K, capacity 74846K, committed 75136K, reserved 581632K
  class space    used 9445K, capacity 10318K, committed 10368K, reserved 516096K
}
Event: 748.855 GC heap after
{Heap after GC invocations=110 (full 0):
 garbage-first heap   total 82944K, used 54912K [0x0000000080000000, 0x0000000100000000)
  region size 1024K, 2 young (2048K), 2 survivors (2048K)
 Metaspace       used 72545K, capacity 74846K, committed 75136K, reserved 581632K
  class space    used 9445K, capacity 10318K, committed 10368K, reserved 516096K
}
Event: 795.576 GC heap before
{Heap before GC invocations=110 (full 0):
 garbage-first heap   total 82944K, used 56960K [0x0000000080000000, 0x0000000100000000)
  region size 1024K, 4 young (4096K), 2 survivors (2048K)
 Metaspace       used 72554K, capacity 74846K, committed 75136K, reserved 581632K
  class space    used 9445K, capacity 10318K, committed 10368K, reserved 516096K
}

